[2025-12-24 16:03:36] Starting local workflow...
[2025-12-24 16:03:36] Creating backup...
[2025-12-24 16:05:42] Restore completed.
[2025-12-25 05:01:18] Starting local workflow...
[2025-12-25 05:01:18] Creating backup...
[2025-12-25 05:01:29] Restore completed.
[2025-12-28 11:06:45] Starting local workflow...
[2025-12-28 11:06:45] Creating backup...
[2025-12-28 11:06:54] Backup created successfully.
[2025-12-28 11:06:54] Syncing with GitHub...
[2025-12-28 11:06:59] Sync with GitHub completed successfully.
[2025-12-28 11:06:59] Local workflow completed successfully.
[2025-12-29 05:05:41] Starting local workflow...
[2025-12-29 05:05:41] Creating backup...
[2025-12-29 05:05:47] Backup created successfully.
[2025-12-29 05:05:47] Syncing with GitHub...
[2025-12-29 05:05:53] Sync with GitHub completed successfully.
[2025-12-29 05:05:53] Local workflow completed successfully.
[2025-12-29 10:02:52] Starting local workflow...
[2025-12-29 10:02:52] Creating backup...
[2025-12-29 10:02:57] Backup created successfully.
[2025-12-29 10:02:57] Syncing with GitHub...
[2025-12-29 10:02:59] Sync with GitHub completed successfully.
[2025-12-29 10:02:59] Local workflow completed successfully.
[2026-01-14 10:04:51] Starting local workflow...
[2026-01-14 10:04:51] Creating backup...
[2026-01-14 10:04:54] Backup created successfully.
[2026-01-14 10:04:54] Syncing with GitHub...
